[   15820ms] [ERROR] Failed to load resource: the server responded with a status of 429 (Too Many Requests) @ http://localhost:6767/api/bitbucket/pullrequests/surefirejb/deadline-funnel-5/all?state=OPEN&state=MERGED:0
[   16975ms] [ERROR] Failed to load resource: the server responded with a status of 429 (Too Many Requests) @ http://localhost:6767/api/bitbucket/pullrequests/surefirejb/deadline-funnel-5/all?state=OPEN&state=MERGED:0
[   19182ms] [ERROR] Failed to load resource: the server responded with a status of 429 (Too Many Requests) @ http://localhost:6767/api/bitbucket/pullrequests/surefirejb/deadline-funnel-5/all?state=OPEN&state=MERGED:0
[   23449ms] [ERROR] Failed to load resource: the server responded with a status of 429 (Too Many Requests) @ http://localhost:6767/api/bitbucket/pullrequests/surefirejb/deadline-funnel-5/all?state=OPEN&state=MERGED:0
[  152648ms] [ERROR] ./personal/dora/bb-dora/components/TimeRangeDropdown.tsx:49:1
Parsing ecmascript source code failed
  47 |     </Listbox>
  48 |   );
> 49 | }
     | ^
  50 |

Unexpected token. Did you mean `{'}'}` or `&rbrace;`?

Import traces:
  Client Component Browser:
    ./personal/dora/bb-dora/components/TimeRangeDropdown.tsx [Client Component Browser]
    ./personal/dora/bb-dora/app/[workspaceSlug]/repositories/[repositorySlug]/dashboard/page.tsx [Client Component Browser]
    ./personal/dora/bb-dora/app/[workspaceSlug]/repositories/[repositorySlug]/dashboard/page.tsx [Server Component]

  Client Component SSR:
    ./personal/dora/bb-dora/components/TimeRangeDropdown.tsx [Client Component SSR]
    ./personal/dora/bb-dora/app/[workspaceSlug]/repositories/[repositorySlug]/dashboard/page.tsx [Client Component SSR]
    ./personal/dora/bb-dora/app/[workspaceSlug]/repositories/[repositorySlug]/dashboard/page.tsx [Server Component] @ http://localhost:6767/_next/static/chunks/0bc36_next_dist_8ecec738._.js:3127
[  155550ms] [ERROR] ./personal/dora/bb-dora/components/EnvironmentsDropdown.tsx:49:1
Parsing ecmascript source code failed
  47 |     </Listbox>
  48 |   );
> 49 | }
     | ^
  50 |

Unexpected token. Did you mean `{'}'}` or `&rbrace;`?

Import traces:
  Client Component Browser:
    ./personal/dora/bb-dora/components/EnvironmentsDropdown.tsx [Client Component Browser]
    ./personal/dora/bb-dora/app/[workspaceSlug]/repositories/[repositorySlug]/dashboard/page.tsx [Client Component Browser]
    ./personal/dora/bb-dora/app/[workspaceSlug]/repositories/[repositorySlug]/dashboard/page.tsx [Server Component]

  Client Component SSR:
    ./personal/dora/bb-dora/components/EnvironmentsDropdown.tsx [Client Component SSR]
    ./personal/dora/bb-dora/app/[workspaceSlug]/repositories/[repositorySlug]/dashboard/page.tsx [Client Component SSR]
    ./personal/dora/bb-dora/app/[workspaceSlug]/repositories/[repositorySlug]/dashboard/page.tsx [Server Component] @ http://localhost:6767/_next/static/chunks/0bc36_next_dist_8ecec738._.js:3127
[  546374ms] [ERROR] WebSocket connection to 'ws://localhost:6767/_next/webpack-hmr?id=H8acE4LItfX3kWeZIZxnN' failed: Error in connection establishment: net::ERR_CONNECTION_REFUSED @ http://localhost:6767/_next/static/chunks/0bc36_next_dist_client_0812eb8f._.js:10878
[  547376ms] [ERROR] WebSocket connection to 'ws://localhost:6767/_next/webpack-hmr?id=H8acE4LItfX3kWeZIZxnN' failed: Error in connection establishment: net::ERR_CONNECTION_REFUSED @ http://localhost:6767/_next/static/chunks/0bc36_next_dist_client_0812eb8f._.js:10878
[  746836ms] [ERROR] Failed to load resource: the server responded with a status of 429 (Too Many Requests) @ http://localhost:6767/api/bitbucket/repositories/alektrich:0
[  747999ms] [ERROR] Failed to load resource: the server responded with a status of 429 (Too Many Requests) @ http://localhost:6767/api/bitbucket/repositories/alektrich:0
[  850376ms] [ERROR] WebSocket connection to 'ws://localhost:6767/_next/webpack-hmr?id=24rqcmzZkeZp3ylMAwQdh' failed: Error in connection establishment: net::ERR_CONNECTION_REFUSED @ http://localhost:6767/_next/static/chunks/0bc36_next_dist_client_0812eb8f._.js:10878
[  851380ms] [ERROR] WebSocket connection to 'ws://localhost:6767/_next/webpack-hmr?id=24rqcmzZkeZp3ylMAwQdh' failed: Error in connection establishment: net::ERR_CONNECTION_REFUSED @ http://localhost:6767/_next/static/chunks/0bc36_next_dist_client_0812eb8f._.js:10878
[  852384ms] [ERROR] WebSocket connection to 'ws://localhost:6767/_next/webpack-hmr?id=24rqcmzZkeZp3ylMAwQdh' failed: Error in connection establishment: net::ERR_CONNECTION_REFUSED @ http://localhost:6767/_next/static/chunks/0bc36_next_dist_client_0812eb8f._.js:10878
[  853388ms] [ERROR] WebSocket connection to 'ws://localhost:6767/_next/webpack-hmr?id=24rqcmzZkeZp3ylMAwQdh' failed: Error in connection establishment: net::ERR_CONNECTION_REFUSED @ http://localhost:6767/_next/static/chunks/0bc36_next_dist_client_0812eb8f._.js:10878
[  854393ms] [ERROR] WebSocket connection to 'ws://localhost:6767/_next/webpack-hmr?id=24rqcmzZkeZp3ylMAwQdh' failed: Error in connection establishment: net::ERR_CONNECTION_REFUSED @ http://localhost:6767/_next/static/chunks/0bc36_next_dist_client_0812eb8f._.js:10878
[  859401ms] [ERROR] WebSocket connection to 'ws://localhost:6767/_next/webpack-hmr?id=24rqcmzZkeZp3ylMAwQdh' failed: Error in connection establishment: net::ERR_CONNECTION_REFUSED @ http://localhost:6767/_next/static/chunks/0bc36_next_dist_client_0812eb8f._.js:10878
[  864411ms] [ERROR] WebSocket connection to 'ws://localhost:6767/_next/webpack-hmr?id=24rqcmzZkeZp3ylMAwQdh' failed: Error in connection establishment: net::ERR_CONNECTION_REFUSED @ http://localhost:6767/_next/static/chunks/0bc36_next_dist_client_0812eb8f._.js:10878
[  890298ms] [ERROR] WebSocket connection to 'ws://localhost:6767/_next/webpack-hmr?id=4bBXftZoSUzXVOH6z_Vxr' failed: Error in connection establishment: net::ERR_CONNECTION_REFUSED @ http://localhost:6767/_next/static/chunks/0bc36_next_dist_client_0812eb8f._.js:10878
[  891301ms] [ERROR] WebSocket connection to 'ws://localhost:6767/_next/webpack-hmr?id=4bBXftZoSUzXVOH6z_Vxr' failed: Error in connection establishment: net::ERR_CONNECTION_REFUSED @ http://localhost:6767/_next/static/chunks/0bc36_next_dist_client_0812eb8f._.js:10878
[  892304ms] [ERROR] WebSocket connection to 'ws://localhost:6767/_next/webpack-hmr?id=4bBXftZoSUzXVOH6z_Vxr' failed: Error in connection establishment: net::ERR_CONNECTION_REFUSED @ http://localhost:6767/_next/static/chunks/0bc36_next_dist_client_0812eb8f._.js:10878
[  893308ms] [ERROR] WebSocket connection to 'ws://localhost:6767/_next/webpack-hmr?id=4bBXftZoSUzXVOH6z_Vxr' failed: Error in connection establishment: net::ERR_CONNECTION_REFUSED @ http://localhost:6767/_next/static/chunks/0bc36_next_dist_client_0812eb8f._.js:10878
[  894310ms] [ERROR] WebSocket connection to 'ws://localhost:6767/_next/webpack-hmr?id=4bBXftZoSUzXVOH6z_Vxr' failed: Error in connection establishment: net::ERR_CONNECTION_REFUSED @ http://localhost:6767/_next/static/chunks/0bc36_next_dist_client_0812eb8f._.js:10878
[  899317ms] [ERROR] WebSocket connection to 'ws://localhost:6767/_next/webpack-hmr?id=4bBXftZoSUzXVOH6z_Vxr' failed: Error in connection establishment: net::ERR_CONNECTION_REFUSED @ http://localhost:6767/_next/static/chunks/0bc36_next_dist_client_0812eb8f._.js:10878
[  904325ms] [ERROR] WebSocket connection to 'ws://localhost:6767/_next/webpack-hmr?id=4bBXftZoSUzXVOH6z_Vxr' failed: Error in connection establishment: net::ERR_CONNECTION_REFUSED @ http://localhost:6767/_next/static/chunks/0bc36_next_dist_client_0812eb8f._.js:10878
[  909333ms] [ERROR] WebSocket connection to 'ws://localhost:6767/_next/webpack-hmr?id=4bBXftZoSUzXVOH6z_Vxr' failed: Error in connection establishment: net::ERR_CONNECTION_REFUSED @ http://localhost:6767/_next/static/chunks/0bc36_next_dist_client_0812eb8f._.js:10878
[  914341ms] [ERROR] WebSocket connection to 'ws://localhost:6767/_next/webpack-hmr?id=4bBXftZoSUzXVOH6z_Vxr' failed: Error in connection establishment: net::ERR_CONNECTION_REFUSED @ http://localhost:6767/_next/static/chunks/0bc36_next_dist_client_0812eb8f._.js:10878
[  919349ms] [ERROR] WebSocket connection to 'ws://localhost:6767/_next/webpack-hmr?id=4bBXftZoSUzXVOH6z_Vxr' failed: Error in connection establishment: net::ERR_CONNECTION_REFUSED @ http://localhost:6767/_next/static/chunks/0bc36_next_dist_client_0812eb8f._.js:10878
